{
  "stats": {
    "suites": 1,
    "tests": 1,
    "passes": 0,
    "pending": 0,
    "failures": 1,
    "start": "2023-08-04T18:10:30.846Z",
    "end": "2023-08-04T18:11:08.304Z",
    "duration": 37458,
    "testsRegistered": 1,
    "passPercent": 0,
    "pendingPercent": 0,
    "other": 0,
    "hasOther": false,
    "skipped": 0,
    "hasSkipped": false
  },
  "results": [
    {
      "uuid": "ba99cf8e-e6e0-4899-9021-4cc07c19261e",
      "title": "",
      "fullFile": "D:\\Documents\\projetos\\CodeceptJS\\steps\\login_test.js",
      "file": "\\steps\\login_test.js",
      "beforeHooks": [],
      "afterHooks": [],
      "tests": [],
      "suites": [
        {
          "uuid": "fbd69e8f-ac4f-4768-aca4-e34141e0c2de",
          "title": "login",
          "fullFile": "D:\\Documents\\projetos\\CodeceptJS\\steps\\login_test.js",
          "file": "\\steps\\login_test.js",
          "beforeHooks": [
            {
              "title": "\"before all\" hook: codeceptjs.beforeSuite in \"login\"",
              "fullTitle": "login \"before all\" hook: codeceptjs.beforeSuite in \"login\"",
              "timedOut": false,
              "duration": 2,
              "state": null,
              "speed": null,
              "pass": false,
              "fail": false,
              "pending": false,
              "context": null,
              "code": "scenario.suiteSetup(suite)",
              "err": {},
              "uuid": "a439e3e3-bc41-48d1-974a-927b7be23c75",
              "parentUUID": "fbd69e8f-ac4f-4768-aca4-e34141e0c2de",
              "isHook": true,
              "skipped": false
            },
            {
              "title": "\"before all\" hook: BeforeSuite in \"login\"",
              "fullTitle": "login \"before all\" hook: BeforeSuite in \"login\"",
              "timedOut": false,
              "duration": 14,
              "state": null,
              "speed": null,
              "pass": false,
              "fail": false,
              "pending": false,
              "context": null,
              "code": "console.log('Finotti Suiti')",
              "err": {},
              "uuid": "331805c7-ce67-4b27-a0b3-0a5f75d768ea",
              "parentUUID": "fbd69e8f-ac4f-4768-aca4-e34141e0c2de",
              "isHook": true,
              "skipped": false
            },
            {
              "title": "\"before each\" hook: codeceptjs.before in \"login\"",
              "fullTitle": "login \"before each\" hook: codeceptjs.before in \"login\"",
              "timedOut": false,
              "duration": 27923,
              "state": null,
              "speed": null,
              "pass": false,
              "fail": false,
              "pending": false,
              "context": null,
              "code": "scenario.setup(suite)",
              "err": {},
              "uuid": "f4e3d31f-d086-4f58-ac26-f016d5bca24a",
              "parentUUID": "fbd69e8f-ac4f-4768-aca4-e34141e0c2de",
              "isHook": true,
              "skipped": false
            },
            {
              "title": "\"before each\" hook: Before in \"login\"",
              "fullTitle": "login \"before each\" hook: Before in \"login\"",
              "timedOut": false,
              "duration": 3,
              "state": null,
              "speed": null,
              "pass": false,
              "fail": false,
              "pending": false,
              "context": null,
              "code": "console.log('Finotti Cenario')",
              "err": {},
              "uuid": "d3e6ad57-f57e-4b41-8c6f-36db029fe0e8",
              "parentUUID": "fbd69e8f-ac4f-4768-aca4-e34141e0c2de",
              "isHook": true,
              "skipped": false
            }
          ],
          "afterHooks": [
            {
              "title": "\"after all\" hook: AfterSuite in \"login\"",
              "fullTitle": "login \"after all\" hook: AfterSuite in \"login\"",
              "timedOut": false,
              "duration": 5,
              "state": null,
              "speed": null,
              "pass": false,
              "fail": false,
              "pending": false,
              "context": null,
              "code": "console.log('After Suiti')",
              "err": {},
              "uuid": "c00ceb56-ffd5-40ca-b9cf-beafc9055aa6",
              "parentUUID": "fbd69e8f-ac4f-4768-aca4-e34141e0c2de",
              "isHook": true,
              "skipped": false
            },
            {
              "title": "\"after all\" hook: codeceptjs.afterSuite in \"login\"",
              "fullTitle": "login \"after all\" hook: codeceptjs.afterSuite in \"login\"",
              "timedOut": false,
              "duration": 1,
              "state": null,
              "speed": null,
              "pass": false,
              "fail": false,
              "pending": false,
              "context": null,
              "code": "scenario.suiteTeardown(suite)",
              "err": {},
              "uuid": "c45f7bca-08e2-4402-94ed-f27a21a551a9",
              "parentUUID": "fbd69e8f-ac4f-4768-aca4-e34141e0c2de",
              "isHook": true,
              "skipped": false
            },
            {
              "title": "\"after each\" hook: After in \"login\"",
              "fullTitle": "login \"after each\" hook: After in \"login\"",
              "timedOut": false,
              "duration": 2,
              "state": null,
              "speed": null,
              "pass": false,
              "fail": false,
              "pending": false,
              "context": null,
              "code": "console.log('After Cenario')",
              "err": {},
              "uuid": "17778acd-18da-48d8-b4b1-6cdedecb7e0b",
              "parentUUID": "fbd69e8f-ac4f-4768-aca4-e34141e0c2de",
              "isHook": true,
              "skipped": false
            },
            {
              "title": "\"after each\" hook: finalize codeceptjs in \"login\"",
              "fullTitle": "login \"after each\" hook: finalize codeceptjs in \"login\"",
              "timedOut": false,
              "duration": 1717,
              "state": null,
              "speed": null,
              "pass": false,
              "fail": false,
              "pending": false,
              "context": null,
              "code": "scenario.teardown(suite)",
              "err": {},
              "uuid": "447b168c-d437-410e-b33c-b63a8d2ad3e7",
              "parentUUID": "fbd69e8f-ac4f-4768-aca4-e34141e0c2de",
              "isHook": true,
              "skipped": false
            }
          ],
          "tests": [
            {
              "title": "Login with success",
              "fullTitle": "login: Login with success",
              "timedOut": false,
              "duration": 7757,
              "state": "failed",
              "speed": null,
              "pass": false,
              "fail": true,
              "pending": false,
              "context": null,
              "code": "I }) => {\n    \n    login_page.doLogin('teste@teste.com', '123456')\n   // pause() ele te da opção de executar qualquer comando",
              "err": {
                "message": "Error: Field \"//android.widget.EditText[@content-desc=\"email\"]\" was not found by text|CSS|XPath",
                "estack": "Error: Field \"//android.widget.EditText[@content-desc=\"email\"]\" was not found by text|CSS|XPath\n    at new ElementNotFound (node_modules\\codeceptjs\\lib\\helper\\errors\\ElementNotFound.js:14:11)\n    at assertElementExists (node_modules\\codeceptjs\\lib\\helper\\WebDriver.js:2745:11)\n    at Appium.fillField (node_modules\\codeceptjs\\lib\\helper\\WebDriver.js:1034:5)\n    at process.processTicksAndRejections (node:internal/process/task_queues:95:5)",
                "diff": null
              },
              "uuid": "836a1f45-7a05-41a0-b0d3-ec75df3dea96",
              "parentUUID": "fbd69e8f-ac4f-4768-aca4-e34141e0c2de",
              "isHook": false,
              "skipped": false
            }
          ],
          "suites": [],
          "passes": [],
          "failures": [
            "836a1f45-7a05-41a0-b0d3-ec75df3dea96"
          ],
          "pending": [],
          "skipped": [],
          "duration": 7757,
          "root": false,
          "rootEmpty": false,
          "_timeout": 0
        }
      ],
      "passes": [],
      "failures": [],
      "pending": [],
      "skipped": [],
      "duration": 0,
      "root": true,
      "rootEmpty": true,
      "_timeout": 0
    }
  ],
  "meta": {
    "mocha": {
      "version": "10.2.0"
    },
    "mochawesome": {
      "options": {
        "quiet": false,
        "reportFilename": "mochawesome",
        "saveHtml": true,
        "saveJson": true,
        "consoleReporter": "spec",
        "useInlineDiffs": false,
        "code": true
      },
      "version": "7.1.3"
    },
    "marge": {
      "options": {},
      "version": "6.2.0"
    }
  }
}